<?xml version="1.0" encoding="UTF-8"?>
<testsuite xmlns:xsi="http://www.w3.org/2001/XMLSchema-instance" xsi:noNamespaceSchemaLocation="https://maven.apache.org/surefire/maven-surefire-plugin/xsd/surefire-test-report-3.0.xsd" version="3.0" name="com.diabetes.patientservice.PatientControllerTest" time="3.85" tests="1" errors="0" skipped="0" failures="0">
  <properties>
[...]
</properties>
  <testcase name="testGetAllPatients" classname="com.diabetes.patientservice.PatientControllerTest" time="0.239">
    <system-out><![CDATA[09:31:34.867 [main] INFO org.springframework.test.context.support.AnnotationConfigContextLoaderUtils -- Could not detect default configuration classes for test class [com.diabetes.patientservice.PatientControllerTest]: PatientControllerTest does not declare any static, non-private, non-final, nested classes annotated with @Configuration.
09:31:35.011 [main] INFO org.springframework.boot.test.context.SpringBootTestContextBootstrapper -- Found @SpringBootConfiguration com.diabetes.patientservice.MainApp for test class com.diabetes.patientservice.PatientControllerTest

  .   ____          _            __ _ _
 /\\ / ___'_ __ _ _(_)_ __  __ _ \ \ \ \
( ( )\___ | '_ | '_| | '_ \/ _` | \ \ \ \
 \\/  ___)| |_)| | | | | || (_| |  ) ) ) )
  '  |____| .__|_| |_|_| |_\__, | / / / /
 =========|_|==============|___/=/_/_/_/
 :: Spring Boot ::                (v3.2.3)

2026-05-30T09:31:35.440-04:00  INFO 37212 --- [           main] c.d.p.PatientControllerTest              : Starting PatientControllerTest using Java 17.0.12 with PID 37212 (started by sxk839 in C:\Users\sxk839\eclipse-workspace\Diabetes_Project\Diabetes_Project_Main\patient-service)
2026-05-30T09:31:35.443-04:00  INFO 37212 --- [           main] c.d.p.PatientControllerTest              : No active profile set, falling back to 1 default profile: "default"
2026-05-30T09:31:38.044-04:00  INFO 37212 --- [           main] c.d.p.PatientControllerTest              : Started PatientControllerTest in 2.953 seconds (process running for 3.902)
]]></system-out>
  </testcase>
</testsuite>